mscV5PlusDemo/build/intermediates/manifest_merge_blame_file/debug/manifest-merger-blame-debug-report.txt
1<?xml version="1.0" encoding="utf-8"?>
2<manifest xmlns:android="http://schemas.android.com/apk/res/android"
3    package="com.iflytek.mscv5plusdemo"
4    android:versionCode="1"
5    android:versionName="1.0" >
6
7    <uses-sdk
8        android:minSdkVersion="16"
8-->src\main\AndroidManifest.xml
9        android:targetSdkVersion="30" />
9-->src\main\AndroidManifest.xml
10
11    <uses-permission android:name="android.permission.INTERNET" />
11-->src\main\AndroidManifest.xml:7:5-67
11-->src\main\AndroidManifest.xml:7:22-64
12    <uses-permission android:name="android.permission.RECORD_AUDIO" />
12-->src\main\AndroidManifest.xml:8:5-71
12-->src\main\AndroidManifest.xml:8:22-68
13    <uses-permission android:name="android.permission.READ_PHONE_STATE" />
13-->src\main\AndroidManifest.xml:9:5-75
13-->src\main\AndroidManifest.xml:9:22-72
14
15    <application
15-->src\main\AndroidManifest.xml:11:5-53:19
16        android:name="com.iflytek.mscv5plusdemo.SpeechApp"
16-->src\main\AndroidManifest.xml:13:9-33
17        android:appComponentFactory="androidx.core.app.CoreComponentFactory"
17-->[androidx.core:core:1.5.0] AndroidManifest.xml:24:18-86
18        android:debuggable="true"
19        android:icon="@drawable/icon"
19-->src\main\AndroidManifest.xml:12:9-38
20        android:label="讯飞语音示例v5+"
20-->src\main\AndroidManifest.xml:14:9-34
21        android:testOnly="true" >
22        <activity
22-->src\main\AndroidManifest.xml:15:9-26:20
23            android:name="com.iflytek.mscv5plusdemo.MainActivity"
23-->src\main\AndroidManifest.xml:16:13-66
24            android:configChanges="mcc|mnc|locale|touchscreen|keyboard|keyboardHidden|navigation|orientation|screenLayout|fontScale"
24-->src\main\AndroidManifest.xml:17:13-133
25            android:icon="@drawable/icon"
25-->src\main\AndroidManifest.xml:18:13-42
26            android:label="讯飞语音示例v5+"
26-->src\main\AndroidManifest.xml:19:13-38
27            android:screenOrientation="portrait" >
27-->src\main\AndroidManifest.xml:20:13-49
28            <intent-filter>
28-->src\main\AndroidManifest.xml:21:13-25:29
29                <action android:name="android.intent.action.MAIN" />
29-->src\main\AndroidManifest.xml:22:17-69
29-->src\main\AndroidManifest.xml:22:25-66
30
31                <category android:name="android.intent.category.LAUNCHER" />
31-->src\main\AndroidManifest.xml:24:17-77
31-->src\main\AndroidManifest.xml:24:27-74
32            </intent-filter>
33        </activity>
34        <activity android:name="com.iflytek.speech.setting.TtsSettings" />
34-->src\main\AndroidManifest.xml:27:9-74
34-->src\main\AndroidManifest.xml:27:19-72
35        <activity android:name="com.iflytek.speech.setting.IatSettings" />
35-->src\main\AndroidManifest.xml:28:9-74
35-->src\main\AndroidManifest.xml:28:19-72
36        <activity
36-->src\main\AndroidManifest.xml:29:9-32:51
37            android:name="com.iflytek.mscv5plusdemo.IatDemo"
37-->src\main\AndroidManifest.xml:30:13-61
38            android:configChanges="mcc|mnc|locale|touchscreen|keyboard|keyboardHidden|navigation|orientation|screenLayout|fontScale"
38-->src\main\AndroidManifest.xml:31:13-133
39            android:screenOrientation="portrait" />
39-->src\main\AndroidManifest.xml:32:13-49
40        <activity
40-->src\main\AndroidManifest.xml:33:9-36:51
41            android:name="com.iflytek.mscv5plusdemo.AsrDemo"
41-->src\main\AndroidManifest.xml:34:13-61
42            android:configChanges="mcc|mnc|locale|touchscreen|keyboard|keyboardHidden|navigation|orientation|screenLayout|fontScale"
42-->src\main\AndroidManifest.xml:35:13-133
43            android:screenOrientation="portrait" />
43-->src\main\AndroidManifest.xml:36:13-49
44        <activity
44-->src\main\AndroidManifest.xml:37:9-40:51
45            android:name="com.iflytek.mscv5plusdemo.TtsDemo"
45-->src\main\AndroidManifest.xml:38:13-61
46            android:configChanges="mcc|mnc|locale|touchscreen|keyboard|keyboardHidden|navigation|orientation|screenLayout|fontScale"
46-->src\main\AndroidManifest.xml:39:13-133
47            android:screenOrientation="portrait" />
47-->src\main\AndroidManifest.xml:40:13-49
48        <activity
48-->src\main\AndroidManifest.xml:41:9-44:51
49            android:name="com.iflytek.mscv5plusdemo.IvwActivity"
49-->src\main\AndroidManifest.xml:42:13-65
50            android:configChanges="mcc|mnc|locale|touchscreen|keyboard|keyboardHidden|navigation|orientation|screenLayout|fontScale"
50-->src\main\AndroidManifest.xml:43:13-133
51            android:screenOrientation="portrait" />
51-->src\main\AndroidManifest.xml:44:13-49
52        <activity
52-->src\main\AndroidManifest.xml:45:9-48:51
53            android:name="com.iflytek.mscv5plusdemo.WakeDemo"
53-->src\main\AndroidManifest.xml:46:13-62
54            android:configChanges="mcc|mnc|locale|touchscreen|keyboard|keyboardHidden|navigation|orientation|screenLayout|fontScale"
54-->src\main\AndroidManifest.xml:47:13-133
55            android:screenOrientation="portrait" />
55-->src\main\AndroidManifest.xml:48:13-49
56        <activity
56-->src\main\AndroidManifest.xml:49:9-52:51
57            android:name="com.iflytek.mscv5plusdemo.OneShotDemo"
57-->src\main\AndroidManifest.xml:50:13-65
58            android:configChanges="mcc|mnc|locale|touchscreen|keyboard|keyboardHidden|navigation|orientation|screenLayout|fontScale"
58-->src\main\AndroidManifest.xml:51:13-133
59            android:screenOrientation="portrait" />
59-->src\main\AndroidManifest.xml:52:13-49
60    </application>
61
62</manifest>